2021-08-17 16:44:09,837 INFO <module> Tkinter version: 8.6
2021-08-17 16:44:09,837 DEBUG <module> All modules imported
2021-08-17 16:44:10,597 DEBUG __init__ Settings loaded
2021-08-17 16:44:10,601 DEBUG __init__ Icons loaded
2021-08-17 16:44:10,605 DEBUG __init__ Theme loaded
2021-08-17 16:44:10,614 DEBUG __initialize_custom_style Initialized custom style.
2021-08-17 16:44:10,714 DEBUG create_menu Right-click menu created
2021-08-17 16:44:10,728 DEBUG create_menu Menu created
2021-08-17 16:44:10,728 DEBUG create_bindings Bindings created
2021-08-17 16:44:10,750 DEBUG create_text_widget Textbox created
2021-08-17 16:44:10,971 DEBUG update_statusbar update_statusbar: OK
2021-08-17 16:44:10,972 DEBUG update_title update_title: OK
2021-08-17 16:44:10,972 DEBUG mouse update_title: OK
2021-08-17 16:44:10,972 INFO open_file File opened
2021-08-17 16:44:10,973 DEBUG start_screen Start screen created
2021-08-17 16:44:11,256 DEBUG update_title update_title: OK
2021-08-17 16:44:11,256 DEBUG update_statusbar update_statusbar: OK
2021-08-17 16:44:17,074 DEBUG update_statusbar update_statusbar: OK
2021-08-17 16:44:17,074 DEBUG update_title update_title: OK
2021-08-17 16:44:17,074 DEBUG mouse update_title: OK
2021-08-17 16:44:18,277 DEBUG update_statusbar update_statusbar: OK
2021-08-17 16:44:18,277 DEBUG update_title update_title: OK
2021-08-17 16:44:18,277 DEBUG key update_title: OK
2021-08-17 16:44:18,995 DEBUG update_statusbar update_statusbar: OK
2021-08-17 16:44:18,995 DEBUG update_title update_title: OK
2021-08-17 16:44:18,995 DEBUG key update_title: OK
2021-08-17 16:44:19,151 DEBUG update_statusbar update_statusbar: OK
2021-08-17 16:44:19,151 DEBUG update_title update_title: OK
2021-08-17 16:44:19,151 DEBUG key update_title: OK
2021-08-17 16:44:20,340 DEBUG update_statusbar update_statusbar: OK
2021-08-17 16:44:20,341 DEBUG update_title update_title: OK
2021-08-17 16:44:20,341 DEBUG mouse update_title: OK
2021-08-17 16:44:22,943 DEBUG update_statusbar update_statusbar: OK
2021-08-17 16:44:22,944 DEBUG update_title update_title: OK
2021-08-17 16:44:22,944 DEBUG mouse update_title: OK
2021-08-17 16:44:23,853 DEBUG update_statusbar update_statusbar: OK
2021-08-17 16:44:23,853 DEBUG update_title update_title: OK
2021-08-17 16:44:23,853 DEBUG key update_title: OK
2021-08-17 16:44:24,583 DEBUG update_statusbar update_statusbar: OK
2021-08-17 16:44:24,584 DEBUG update_title update_title: OK
2021-08-17 16:44:24,584 DEBUG key update_title: OK
2021-08-17 16:44:24,715 DEBUG update_statusbar update_statusbar: OK
2021-08-17 16:44:24,716 DEBUG update_title update_title: OK
2021-08-17 16:44:24,716 DEBUG key update_title: OK
2021-08-17 16:44:26,534 DEBUG update_statusbar update_statusbar: OK
2021-08-17 16:44:26,534 DEBUG update_title update_title: OK
2021-08-17 16:44:26,534 DEBUG mouse update_title: OK
2021-08-17 16:44:27,059 DEBUG update_statusbar update_statusbar: OK
2021-08-17 16:44:27,059 DEBUG update_title update_title: OK
2021-08-17 16:44:27,059 DEBUG key update_title: OK
2021-08-17 16:44:27,268 DEBUG update_statusbar update_statusbar: OK
2021-08-17 16:44:27,268 DEBUG update_title update_title: OK
2021-08-17 16:44:27,268 DEBUG key update_title: OK
2021-08-17 16:44:27,918 DEBUG update_statusbar update_statusbar: OK
2021-08-17 16:44:27,919 DEBUG update_title update_title: OK
2021-08-17 16:44:27,919 DEBUG key update_title: OK
2021-08-17 16:44:28,034 DEBUG update_statusbar update_statusbar: OK
2021-08-17 16:44:28,035 DEBUG update_title update_title: OK
2021-08-17 16:44:28,035 DEBUG key update_title: OK
2021-08-17 16:44:28,112 DEBUG update_statusbar update_statusbar: OK
2021-08-17 16:44:28,112 DEBUG update_title update_title: OK
2021-08-17 16:44:28,113 DEBUG key update_title: OK
2021-08-17 16:44:28,192 DEBUG update_statusbar update_statusbar: OK
2021-08-17 16:44:28,193 DEBUG update_title update_title: OK
2021-08-17 16:44:28,193 DEBUG key update_title: OK
2021-08-17 16:44:29,456 DEBUG update_statusbar update_statusbar: OK
2021-08-17 16:44:29,456 DEBUG update_title update_title: OK
2021-08-17 16:44:29,456 DEBUG mouse update_title: OK
2021-08-17 16:44:30,197 DEBUG update_statusbar update_statusbar: OK
2021-08-17 16:44:30,198 DEBUG update_title update_title: OK
2021-08-17 16:44:30,198 DEBUG key update_title: OK
2021-08-17 16:44:30,999 DEBUG update_statusbar update_statusbar: OK
2021-08-17 16:44:30,999 DEBUG update_title update_title: OK
2021-08-17 16:44:30,999 DEBUG key update_title: OK
2021-08-17 16:44:31,102 DEBUG update_statusbar update_statusbar: OK
2021-08-17 16:44:31,103 DEBUG update_title update_title: OK
2021-08-17 16:44:31,103 DEBUG key update_title: OK
2021-08-17 16:44:32,253 DEBUG update_statusbar update_statusbar: OK
2021-08-17 16:44:32,254 DEBUG update_title update_title: OK
2021-08-17 16:44:32,254 DEBUG mouse update_title: OK
2021-08-17 16:44:33,161 DEBUG update_statusbar update_statusbar: OK
2021-08-17 16:44:33,161 DEBUG update_title update_title: OK
2021-08-17 16:44:33,162 DEBUG key update_title: OK
2021-08-17 16:44:33,996 DEBUG update_statusbar update_statusbar: OK
2021-08-17 16:44:33,996 DEBUG update_title update_title: OK
2021-08-17 16:44:33,996 DEBUG key update_title: OK
2021-08-17 16:44:34,111 DEBUG update_statusbar update_statusbar: OK
2021-08-17 16:44:34,111 DEBUG update_title update_title: OK
2021-08-17 16:44:34,111 DEBUG key update_title: OK
2021-08-17 16:44:35,449 DEBUG update_statusbar update_statusbar: OK
2021-08-17 16:44:35,450 DEBUG update_title update_title: OK
2021-08-17 16:44:35,450 DEBUG key update_title: OK
2021-08-17 16:44:36,129 DEBUG update_statusbar update_statusbar: OK
2021-08-17 16:44:36,129 DEBUG update_title update_title: OK
2021-08-17 16:44:36,129 DEBUG key update_title: OK
2021-08-17 16:44:36,246 DEBUG update_statusbar update_statusbar: OK
2021-08-17 16:44:36,247 DEBUG update_title update_title: OK
2021-08-17 16:44:36,247 DEBUG key update_title: OK
2021-08-17 16:44:39,093 INFO exit Window is destroyed
