2021-04-03 09:11:19,007 : INFO : <module> : Tkinter version: 8.6
2021-04-03 09:11:19,007 : DEBUG : <module> : All modules imported
2021-04-03 09:11:19,270 : DEBUG : __init__ : Settings loaded
2021-04-03 09:11:19,274 : DEBUG : __init__ : Icons loaded
2021-04-03 09:11:19,688 : DEBUG : __init__ : Theme loaded
2021-04-03 09:11:19,784 : DEBUG : __init__ : Menu created
2021-04-03 09:11:19,785 : DEBUG : __init__ : Right-click menu created
2021-04-03 09:11:19,785 : DEBUG : __init__ : Bindings created
2021-04-03 09:11:19,790 : DEBUG : start_screen : Start screen created
2021-04-03 09:11:19,790 : DEBUG : update_title : update_title: No file open
2021-04-03 09:11:19,791 : DEBUG : update_statusbar : update_statusbar: No file open
2021-04-03 09:11:21,174 : DEBUG : update_statusbar : update_statusbar: No file open
2021-04-03 09:11:21,174 : DEBUG : update_title : update_title: No file open
2021-04-03 09:11:21,174 : DEBUG : mouse : update_title: OK
2021-04-03 09:11:21,355 : DEBUG : create_text_widget : Textbox created
2021-04-03 09:11:21,621 : DEBUG : update_statusbar : update_statusbar: OK
2021-04-03 09:11:21,621 : DEBUG : update_title : update_title: OK
2021-04-03 09:11:21,621 : DEBUG : mouse : update_title: OK
2021-04-03 09:11:22,643 : DEBUG : update_statusbar : update_statusbar: OK
2021-04-03 09:11:22,643 : DEBUG : update_title : update_title: OK
2021-04-03 09:11:22,643 : DEBUG : key : update_title: OK
2021-04-03 09:11:22,651 : INFO : open_file : File opened
2021-04-03 09:11:36,286 : DEBUG : update_title : update_title: OK
2021-04-03 09:11:36,287 : DEBUG : update_statusbar : update_statusbar: No file open
2021-04-03 09:11:36,287 : DEBUG : update_title : update_title: No file open
2021-04-03 09:11:36,287 : DEBUG : mouse : update_title: OK
2021-04-03 09:11:36,298 : DEBUG : create_text_widget : Textbox created
2021-04-03 09:11:36,685 : DEBUG : update_statusbar : update_statusbar: OK
2021-04-03 09:11:36,685 : DEBUG : update_title : update_title: OK
2021-04-03 09:11:36,685 : DEBUG : key : update_title: OK
2021-04-03 09:11:36,688 : INFO : open_file : File opened
2021-04-03 09:11:39,388 : DEBUG : update_statusbar : update_statusbar: No file open
2021-04-03 09:11:39,388 : DEBUG : update_title : update_title: No file open
2021-04-03 09:11:39,388 : DEBUG : mouse : update_title: OK
2021-04-03 09:11:39,388 : DEBUG : update_statusbar : update_statusbar: No file open
2021-04-03 09:11:39,389 : DEBUG : update_title : update_title: No file open
2021-04-03 09:11:39,389 : DEBUG : mouse : update_title: OK
